[Tue Aug  6 18:45:41.387 2013] [ 4046] caught SIGTERM, shutting down
[Tue Aug  6 18:45:41.744 2013] [ 4046] shutdown complete
[Wed Aug  7 18:42:16.296 2013] [ 6021] accepting connections
[Wed Aug  7 19:10:33.593 2013] [ 6021] caught SIGTERM, shutting down
[Wed Aug  7 19:10:33.595 2013] [ 6021] shutdown complete
[Sat Aug 10 13:35:36.120 2013] [ 5278] accepting connections
[Sat Aug 10 16:08:17.368 2013] [ 5278] caught SIGTERM, shutting down
[Sat Aug 10 16:08:17.793 2013] [ 5278] shutdown complete
[Mon Aug 12 10:37:42.500 2013] [30244] accepting connections
[Mon Aug 12 18:22:23.555 2013] [30244] caught SIGTERM, shutting down
[Mon Aug 12 18:22:23.653 2013] [30244] shutdown complete
[Thu Aug 29 11:47:09.021 2013] [ 3373] accepting connections
[Thu Aug 29 13:25:19.258 2013] [ 3373] caught SIGTERM, shutting down
[Thu Aug 29 13:25:19.269 2013] [ 3373] shutdown complete
[Thu Aug 29 13:25:19.706 2013] [ 4189] accepting connections
[Thu Aug 29 15:21:25.452 2013] [ 2049] accepting connections
[Thu Aug 29 15:56:22.336 2013] [ 2049] caught SIGTERM, shutting down
[Thu Aug 29 15:56:22.371 2013] [ 2049] shutdown complete
[Thu Aug 29 15:56:22.792 2013] [29112] accepting connections
[Thu Aug 29 19:00:32.154 2013] [29112] caught SIGTERM, shutting down
[Thu Aug 29 19:00:32.178 2013] [29112] shutdown complete
[Fri Aug 30 10:37:36.841 2013] [ 2344] accepting connections
