[Tue Aug  6 18:31:46.703 2013] 0.078 sec [all/2/rel 1 (0,1)] [business_core] (*Les Placements Denis Ouellet Inc.*, *St-anne-beaup*)
[Tue Aug  6 18:32:04.452 2013] 0.023 sec [all/2/rel 1 (0,1)] [business_core] (*Alliance Packaging Sms Inc.*, *Dorval*)
[Tue Aug  6 18:32:43.599 2013] 0.013 sec [all/2/rel 0 (0,1)] [business_core] (*Alliance Packaging Sms Inc.*, *Foxboro*)
[Tue Aug  6 18:32:55.203 2013] 0.001 sec [all/2/rel 0 (0,1)] [business_core] (*Alliance Packaging Sms Inc.*, *Foxboro*)
[Tue Aug  6 18:32:58.953 2013] 0.000 sec [all/2/rel 0 (0,1)] [business_core] (*Les Placements Denis Ouellet Inc.*, *Foxboro*)
[Tue Aug  6 18:36:45.008 2013] 0.019 sec [all/2/rel 1 (0,1)] [business_core] (*Attain Tinting*, *Foxboro*)
[Tue Aug  6 18:36:47.750 2013] 0.000 sec [all/2/rel 1 (0,1)] [business_core] (*Attain Tinting*, *Foxboro*)
[Tue Aug  6 18:36:54.506 2013] 0.000 sec [all/2/rel 1 (0,1)] [business_core] (*Attain Tinting*, *Foxboro*)
[Tue Aug  6 18:37:04.285 2013] 0.001 sec [all/2/rel 1 (0,1)] [business_core] (*Sommerfeld Mennonite Church*, *Aylmer*)
[Tue Aug  6 18:37:33.622 2013] 0.000 sec [all/2/rel 1 (0,1)] [business_core] (*Sommerfeld Mennonite Church*, *Aylmer*)
[Tue Aug  6 18:37:56.301 2013] 0.025 sec [all/2/rel 1 (0,1)] [business_core] (*L M Installation Svc*, *Foxboro*)
[Tue Aug  6 18:37:59.870 2013] 0.000 sec [all/2/rel 1 (0,1)] [business_core] (*L M Installation Svc*, *Foxboro*)
[Tue Aug  6 18:38:20.899 2013] 0.010 sec [all/2/rel 1 (0,1)] [business_core] (*Amyot Francois*, *St-anne-beaup*)
[Tue Aug  6 18:38:47.851 2013] 0.000 sec [all/2/rel 0 (0,1)] [business_core] (*Amyot Francois*, *Aylmer*)
[Tue Aug  6 18:39:03.753 2013] 0.000 sec [all/2/rel 0 (0,1)] [business_core] (*Amyot Francois*, *Aylmer*)
[Tue Aug  6 18:39:20.676 2013] 0.012 sec [all/2/rel 1 (0,1)] [business_core] (*Academie Des Arts D'ayler*, *Aylmer*)
[Tue Aug  6 18:39:23.205 2013] 0.000 sec [all/2/rel 1 (0,1)] [business_core] (*Academie Des Arts D'ayler*, *Aylmer*)
[Tue Aug  6 18:39:32.611 2013] 0.000 sec [all/2/rel 0 (0,1)] [business_core] (*Academie Des Arts D'ayler*, *St-anne-beaup*)
[Tue Aug  6 18:41:26.323 2013] 0.000 sec [all/2/rel 1 (0,1)] [business_core] (*Les Placements Denis Ouellet Inc.*, *St-anne-beaup*)
[Tue Aug  6 18:42:44.881 2013] 0.000 sec [all/2/rel 1 (0,1)] [business_core] (*Les Placements Denis Ouellet Inc.*, *St-anne-beaup*)
[Tue Aug  6 18:42:58.325 2013] 0.012 sec [all/2/rel 1 (0,1)] [business_core] (*Grace Anglican Church*, *Arundel*)
[Tue Aug  6 18:43:15.656 2013] 0.029 sec [all/2/rel 1 (0,1)] [business_core] (*Arundel Municipality Office*, *Arundel*)
[Tue Aug  6 18:44:21.583 2013] 0.000 sec [all/2/rel 1 (0,1)] [business_core] (*Arundel Municipality Office*, *Arundel*)
[Tue Aug  6 18:44:44.609 2013] 0.009 sec [all/2/rel 0 (0,1)] [business_core] (*Arundel Municipality Office*, *Ste foy*)
[Wed Aug  7 18:42:20.360 2013] 0.028 sec [all/2/rel 1 (0,1)] [business_core] (*Eagle Rock Sand & Gravel Inc*, *Brampton*)
[Wed Aug  7 18:44:20.211 2013] 0.000 sec [all/2/rel 1 (0,1)] [business_core] (*Eagle Rock Sand & Gravel Inc*, *Brampton*)
[Wed Aug  7 18:45:09.205 2013] 0.000 sec [all/2/rel 1 (0,1)] [business_core] (*Eagle Rock Sand & Gravel Inc*, *Brampton*)
[Wed Aug  7 18:46:53.178 2013] 0.000 sec [all/2/rel 1 (0,1)] [business_core] (*Eagle Rock Sand & Gravel Inc*, *Brampton*)
[Wed Aug  7 18:47:37.918 2013] 0.000 sec [all/2/rel 1 (0,1)] [business_core] (*Eagle Rock Sand & Gravel Inc*, *Brampton*)
[Wed Aug  7 18:48:51.613 2013] 0.000 sec [all/2/rel 1 (0,1)] [business_core] (*Eagle Rock Sand & Gravel Inc*, *Brampton*)
[Wed Aug  7 18:54:06.240 2013] 0.000 sec [all/2/rel 1 (0,1)] [business_core] (*Eagle Rock Sand & Gravel Inc*, *Brampton*)
[Wed Aug  7 18:55:36.954 2013] 0.000 sec [all/2/rel 1 (0,1)] [business_core] (*Eagle Rock Sand & Gravel Inc*, *Brampton*)
[Wed Aug  7 18:56:22.724 2013] 0.000 sec [all/2/rel 1 (0,1)] [business_core] (*Eagle Rock Sand & Gravel Inc*, *Brampton*)
[Wed Aug  7 18:56:46.896 2013] 0.000 sec [all/2/rel 0 (0,1)] [business_core] (*silva machine and tool*, *Brampton*)
[Wed Aug  7 18:59:45.048 2013] 0.000 sec [all/2/rel 0 (0,1)] [business_core] (*(silva machine and tool or silva machine & tool)*, *Brampton*)
[Wed Aug  7 19:00:09.101 2013] 0.000 sec [all/2/rel 0 (0,1)] [business_core] (*(Silva Machine and tool or Silva Machine & tool)*, *Brampton*)
[Wed Aug  7 19:00:12.420 2013] 0.000 sec [all/2/rel 0 (0,1)] [business_core] (*(Silva Machine & Tool or Silva Machine & Tool)*, *Brampton*)
[Wed Aug  7 19:00:57.199 2013] 0.000 sec [all/2/rel 1 (0,1)] [business_core] (*Silva Machine & Tool*, *Silva Machine & Tool*,*Brampton*)
[Sat Aug 10 13:35:43.506 2013] 0.020 sec [all/2/rel 1 (0,1)] [business_core] (*Smartstyle*, *Smartstyle*, *Brampton*)
[Sat Aug 10 13:37:47.254 2013] 0.000 sec [all/2/rel 1 (0,1)] [business_core] (*Smartstyle*, *Smartstyle*, *Brampton*)
[Sat Aug 10 13:38:26.257 2013] 0.016 sec [all/2/rel 1 (0,1)] [business_core] (*Smartstyle*, *Smartstyle*, *Brampton*)
[Sat Aug 10 13:43:39.208 2013] 0.047 sec [all/2/rel 1 (0,1)] [business_core] (*Smartstyle*, *Smartstyle*, *Brampton*)
[Sat Aug 10 13:44:24.805 2013] 0.000 sec [all/2/rel 1 (0,1)] [business_core] (*Smartstyle*, *Smartstyle*, *Brampton*)
[Sat Aug 10 13:45:06.439 2013] 0.032 sec [all/2/rel 1 (0,1)] [business_core] (*Square Deal Distributors*, *Square Deal Distributors*, *Brampton*)
[Sat Aug 10 13:46:56.227 2013] 0.000 sec [all/2/rel 1 (0,1)] [business_core] (*Square Deal Distributors*, *Square Deal Distributors*, *Brampton*)
[Sat Aug 10 13:47:12.736 2013] 0.000 sec [all/2/rel 1 (0,1)] [business_core] (*Square Deal Distributors*, *Square Deal Distributors*, *Brampton*)
[Sat Aug 10 13:47:55.391 2013] 0.001 sec [all/2/rel 1 (0,1)] [business_core] (*Square Deal Distributors*, *Square Deal Distributors*, *Brampton*)
[Sat Aug 10 13:48:17.774 2013] 0.001 sec [all/2/rel 1 (0,1)] [business_core] (*Square Deal Distributors*, *Square Deal Distributors*, *Brampton*)
[Sat Aug 10 13:48:39.670 2013] 0.000 sec [all/2/rel 1 (0,1)] [business_core] (*Square Deal Distributors*, *Square Deal Distributors*, *Brampton*)
[Sat Aug 10 13:48:52.319 2013] 0.000 sec [all/2/rel 1 (0,1)] [business_core] (*Smartstyle*, *Smartstyle*, *Brampton*)
[Sat Aug 10 13:50:33.710 2013] 0.000 sec [all/2/rel 1 (0,1)] [business_core] (*Smartstyle*, *Smartstyle*, *Brampton*)
[Sat Aug 10 13:50:53.321 2013] 0.000 sec [all/2/rel 1 (0,1)] [business_core] (*Smartstyle*, *Smartstyle*, *Brampton*)
[Sat Aug 10 13:54:09.366 2013] 0.000 sec [all/2/rel 1 (0,1)] [business_core] (*Smartstyle*, *Smartstyle*, *Brampton*)
[Sat Aug 10 13:55:35.509 2013] 0.000 sec [all/2/rel 1 (0,1)] [business_core] (*Smartstyle*, *Smartstyle*, *Brampton*)
[Sat Aug 10 13:56:02.136 2013] 0.000 sec [all/2/rel 1 (0,1)] [business_core] (*Smartstyle*, *Smartstyle*, *Brampton*)
[Sat Aug 10 14:26:39.003 2013] 0.008 sec [all/2/rel 2 (0,1)] [business_core] (*Zellers*, *Zellers*, *Brampton*)
[Sat Aug 10 14:30:12.353 2013] 0.024 sec [all/2/rel 1 (0,1)] [business_core] (*Zellers*, *Bonfield*, *245 yonge st*)
[Sat Aug 10 14:30:31.183 2013] 0.003 sec [all/2/rel 1 (0,1)] [business_core] (*Zellers*, *Bonfield*, *245 yonge st*)
[Sat Aug 10 14:30:31.941 2013] 0.003 sec [all/2/rel 1 (0,1)] [business_core] (*Zellers*, *Bonfield*, *245 yonge st*)
[Sat Aug 10 14:30:32.257 2013] 0.003 sec [all/2/rel 1 (0,1)] [business_core] (*Zellers*, *Bonfield*, *245 yonge st*)
[Sat Aug 10 14:30:32.571 2013] 0.003 sec [all/2/rel 1 (0,1)] [business_core] (*Zellers*, *Bonfield*, *245 yonge st*)
[Sat Aug 10 14:30:32.890 2013] 0.003 sec [all/2/rel 1 (0,1)] [business_core] (*Zellers*, *Bonfield*, *245 yonge st*)
[Sat Aug 10 14:30:33.202 2013] 0.003 sec [all/2/rel 1 (0,1)] [business_core] (*Zellers*, *Bonfield*, *245 yonge st*)
[Sat Aug 10 14:30:33.506 2013] 0.003 sec [all/2/rel 1 (0,1)] [business_core] (*Zellers*, *Bonfield*, *245 yonge st*)
[Sat Aug 10 14:30:33.809 2013] 0.003 sec [all/2/rel 1 (0,1)] [business_core] (*Zellers*, *Bonfield*, *245 yonge st*)
[Sat Aug 10 14:30:34.126 2013] 0.003 sec [all/2/rel 1 (0,1)] [business_core] (*Zellers*, *Bonfield*, *245 yonge st*)
[Sat Aug 10 14:30:34.456 2013] 0.003 sec [all/2/rel 1 (0,1)] [business_core] (*Zellers*, *Bonfield*, *245 yonge st*)
[Sat Aug 10 14:30:34.771 2013] 0.003 sec [all/2/rel 1 (0,1)] [business_core] (*Zellers*, *Bonfield*, *245 yonge st*)
[Sat Aug 10 14:30:35.208 2013] 0.003 sec [all/2/rel 1 (0,1)] [business_core] (*Zellers*, *Bonfield*, *245 yonge st*)
[Sat Aug 10 14:30:35.521 2013] 0.003 sec [all/2/rel 1 (0,1)] [business_core] (*Zellers*, *Bonfield*, *245 yonge st*)
[Sat Aug 10 14:30:35.834 2013] 0.003 sec [all/2/rel 1 (0,1)] [business_core] (*Zellers*, *Bonfield*, *245 yonge st*)
[Sat Aug 10 14:30:36.155 2013] 0.003 sec [all/2/rel 1 (0,1)] [business_core] (*Zellers*, *Bonfield*, *245 yonge st*)
[Sat Aug 10 14:30:36.469 2013] 0.003 sec [all/2/rel 1 (0,1)] [business_core] (*Zellers*, *Bonfield*, *245 yonge st*)
[Sat Aug 10 14:30:36.801 2013] 0.003 sec [all/2/rel 1 (0,1)] [business_core] (*Zellers*, *Bonfield*, *245 yonge st*)
[Sat Aug 10 14:30:37.102 2013] 0.003 sec [all/2/rel 1 (0,1)] [business_core] (*Zellers*, *Bonfield*, *245 yonge st*)
[Sat Aug 10 14:30:37.426 2013] 0.003 sec [all/2/rel 1 (0,1)] [business_core] (*Zellers*, *Bonfield*, *245 yonge st*)
[Sat Aug 10 14:30:37.757 2013] 0.003 sec [all/2/rel 1 (0,1)] [business_core] (*Zellers*, *Bonfield*, *245 yonge st*)
[Sat Aug 10 14:52:00.991 2013] 0.000 sec [all/2/rel 2 (0,1)] [business_core] (*Zellers*, *Zellers*, *Brampton*)
[Sat Aug 10 14:52:14.663 2013] 0.000 sec [all/2/rel 1 (0,1)] [business_core] (*Smartstyle*, *Smartstyle*, *Brampton*)
[Sat Aug 10 14:54:48.155 2013] 0.028 sec [all/2/rel 1 (0,1)] [business_core] (*Zakhary, G Md*, *Zakhary, G Md*, *Brampton*)
[Sat Aug 10 14:55:46.637 2013] 0.063 sec [all/2/rel 0 (0,1)] [business_core] (*Silva Machine and tool*, *Silva Machine & tool*, *Brampton*)
[Sat Aug 10 14:56:01.764 2013] 0.000 sec [all/2/rel 1 (0,1)] [business_core] (*Silva Machine & Tool*, *Silva Machine & Tool*, *Brampton*)
[Mon Aug 12 10:40:18.383 2013] 0.047 sec [all/2/rel 1 (0,1)] [business_core] (*Santak Personalized Automotive*, *Santak Personalized Automotive*, *Brampton*)
[Mon Aug 12 10:57:43.065 2013] 0.030 sec [all/2/rel 2 (0,1)] [business_core] (*Sapna's Beauty Palace*, *Sapna's Beauty Palace*, *Brampton*)
[Mon Aug 12 11:18:02.676 2013] 0.030 sec [all/2/rel 1 (0,1)] [business_core] (*Springdale Pizza Depot Ltd*, *Springdale Pizza Depot Ltd*, *Brampton*)
[Mon Aug 12 11:25:11.933 2013] 0.015 sec [all/2/rel 2 (0,1)] [business_core] (*Zellers*, *Zellers*, *Brampton*)
[Mon Aug 12 11:27:30.606 2013] 0.045 sec [all/2/rel 1 (0,1)] [business_core] (*Bracebridge Optical*, *Bracebridge*, *295 wellington st*)
[Mon Aug 12 11:28:07.010 2013] 0.028 sec [all/2/rel 1 (0,1)] [business_core] (*Bancroft Vision Ctr*, *Bancroft*, *237 hastins st n*)
[Mon Aug 12 11:36:14.295 2013] 0.026 sec [all/2/rel 0 (0,1)] [business_core] (*Shefield and Sons Tobacconists*, *Shefield & Sons Tobacconists*, *Brampton*)
[Mon Aug 12 11:37:19.127 2013] 0.000 sec [all/2/rel 1 (0,1)] [business_core] (*Shefield & Sons Tobacconists*, *Shefield & Sons Tobacconists*, *Brampton*)
[Mon Aug 12 11:37:36.300 2013] 0.021 sec [all/2/rel 1 (0,1)] [business_core] (*Ziggy's Packaging*, *Ziggy's Packaging*, *Brampton*)
[Mon Aug 12 11:39:45.099 2013] 0.001 sec [all/2/rel 1 (0,1)] [business_core] (*Ziggy's Packaging*, *Ziggy's Packaging*, *Brampton*)
[Mon Aug 12 11:40:56.233 2013] 0.001 sec [all/2/rel 1 (0,1)] [business_core] (*Ziggy's Packaging*, *Ziggy's Packaging*, *Brampton*)
[Mon Aug 12 11:41:41.582 2013] 0.003 sec [all/2/rel 1 (0,1)] [business_core] (*Ziggy's Packaging*, *Ziggy's Packaging*, *Brampton*)
[Mon Aug 12 11:46:05.940 2013] 0.000 sec [all/2/rel 0 (0,1)] [business_core] (*zellers and*, *zellers *, *Brampton*)
[Mon Aug 12 11:46:37.885 2013] 0.000 sec [all/2/rel 0 (0,1)] [business_core] (*shefield and *, *shefield & *, *Brampton*)
[Mon Aug 12 11:48:16.995 2013] 0.000 sec [all/2/rel 0 (0,1)] [business_core] (*shefield and *, *shefield & *, *Brampton*)
[Mon Aug 12 11:48:29.312 2013] 0.000 sec [all/2/rel 0 (0,1)] [business_core] (*shefield and *, *shefield & *, *Brampton*)
[Mon Aug 12 11:49:05.311 2013] 0.000 sec [all/2/rel 0 (0,1)] [business_core] (*shefield and *, *shefield & *, *Brampton*)
[Mon Aug 12 11:49:19.078 2013] 0.000 sec [all/2/rel 1 (0,1)] [business_core] (*Shefield & Sons Tobacconists*, *Shefield & Sons Tobacconists*, *Brampton*)
[Mon Aug 12 11:49:37.634 2013] 0.000 sec [all/2/rel 0 (0,1)] [business_core] (*Shefield and Sons Tobacconists*, *Shefield & Sons Tobacconists*, *Brampton*)
[Mon Aug 12 11:50:27.346 2013] 0.000 sec [all/2/rel 0 (0,1)] [business_core] (*Shefield and Sons Tobacconists*, *Shefield & Sons Tobacconists*, *Brampton*)
[Mon Aug 12 11:51:13.117 2013] 0.000 sec [all/2/rel 0 (0,1)] [business_core] (*Shefield and Sons Tobacconists*, *Shefield & Sons Tobacconists*, *Brampton*)
[Mon Aug 12 11:51:43.247 2013] 0.000 sec [all/2/rel 0 (0,1)] [business_core] (*Shefield and Sons Tobacconists*, *Shefield & Sons Tobacconists*, *Brampton*)
[Mon Aug 12 11:53:49.949 2013] 0.021 sec [all/2/rel 1 (0,1)] [business_core] (*Shefield & Sons Tobacconists*, *Brampton*)
[Mon Aug 12 11:54:00.629 2013] 0.000 sec [all/2/rel 2 (0,1)] [business_core] (*Zellers*, *Brampton*)
[Mon Aug 12 11:54:42.351 2013] 0.000 sec [all/2/rel 1 (0,1)] [business_core] (*Shefield & Sons Tobacconists*, *Brampton*)
[Mon Aug 12 11:54:56.826 2013] 0.000 sec [all/2/rel 1 (0,1)] [business_core] (*Shefield & Sons Tobacconists*, *Brampton*)
[Mon Aug 12 11:55:23.021 2013] 0.015 sec [all/2/rel 1 (0,1)] [business_core] (*Freskissima Bakery & Deli*, *Brampton*)
[Mon Aug 12 11:55:46.634 2013] 0.000 sec [all/2/rel 1 (0,1)] [business_core] (*Springdale Pizza Depot Ltd*, *Brampton*)
[Mon Aug 12 11:56:54.423 2013] 0.000 sec [all/2/rel 0 (0,1)] [business_core] (*Zellerssss*, *Brampton*)
[Mon Aug 12 11:57:11.210 2013] 0.000 sec [all/2/rel 0 (0,1)] [business_core] (*Zellerssss*, *Brampton*)
[Mon Aug 12 11:58:08.391 2013] 0.016 sec [all/2/rel 0 (0,1)] [business_core] (*Queensway Cb & Stereosss*, *Brampton*)
[Mon Aug 12 11:59:20.399 2013] 0.000 sec [all/2/rel 0 (0,1)] [business_core] (*Davroc & Asssss*, *Brampton*)
[Mon Aug 12 11:59:56.577 2013] 0.013 sec [all/2/rel 1 (0,1)] [business_core] (*Das Logistics*, *Brampton*)
[Mon Aug 12 12:00:04.128 2013] 0.000 sec [all/2/rel 0 (0,1)] [business_core] (*Zellersssssss*, *Brampton*)
[Mon Aug 12 12:00:12.424 2013] 0.007 sec [all/2/rel 0 (0,1)] [business_core] (*Fram Building Corpsss*, *Brampton*)
[Mon Aug 12 12:00:32.570 2013] 0.000 sec [all/2/rel 0 (0,1)] [business_core] (*Fram Building Corpsss*, *Brampton*)
[Mon Aug 12 12:00:41.102 2013] 0.000 sec [all/2/rel 0 (0,1)] [business_core] (*Fram Building Corpsss*, *Brampton*)
[Mon Aug 12 12:00:44.895 2013] 0.000 sec [all/2/rel 2 (0,1)] [business_core] (*Zellers*, *Brampton*)
[Mon Aug 12 12:03:01.882 2013] 0.000 sec [all/2/rel 1 (0,1)] [business_core] (*Shefield & Sons Tobacconists*, *Brampton*)
[Mon Aug 12 12:14:37.447 2013] 0.000 sec [all/2/rel 1 (0,1)] [business_core] (*Shefield & Sons Tobacconists*, *Brampton*)
[Mon Aug 12 12:15:00.934 2013] 0.000 sec [all/2/rel 1 (0,1)] [business_core] (*Shefield & Sons Tobacconists*, *Brampton*)
[Mon Aug 12 12:15:23.405 2013] 0.010 sec [all/2/rel 1 (0,1)] [business_core] (*silva machine & tool*, *Brampton*)
[Mon Aug 12 12:17:25.918 2013] 0.000 sec [all/2/rel 2 (0,1)] [business_core] (*Zellers*, *Brampton*)
